<?xml version="1.0" encoding="UTF-8"?>
<testng-results skipped="0" failed="0" total="1" passed="1">
  <reporter-output>
  </reporter-output>
  <suite name="Default suite" duration-ms="68" started-at="2015-08-23T18:38:07Z" finished-at="2015-08-23T18:38:07Z">
    <groups>
    </groups>
    <test name="Default test" duration-ms="68" started-at="2015-08-23T18:38:07Z" finished-at="2015-08-23T18:38:07Z">
      <class name="com.nilesh.citest.test.sayHelloTest">
        <test-method status="PASS" signature="testSayHello()[pri:0, instance:com.nilesh.citest.test.sayHelloTest@577fe2b3]" name="testSayHello" duration-ms="28" started-at="2015-08-23T14:38:07Z" finished-at="2015-08-23T14:38:07Z">
          <reporter-output>
          </reporter-output>
        </test-method> <!-- testSayHello -->
      </class> <!-- com.nilesh.citest.test.sayHelloTest -->
    </test> <!-- Default test -->
  </suite> <!-- Default suite -->
</testng-results>
